[21:07:09] Initializing...
[21:07:09] DataServer(e) version: 6.0.0.0 Compiled at: Oct 23 2017 01:51:42
[21:07:09] ./IGC_AllowedIPList.xml File Loaded successfuly
[21:07:09] IP Address 127.0.0.1 valid, no resolving required
[21:07:09] [SUCCESS] - DATA SERVER CONNECT MSSQL SUCCESS (COUNT: 23)
[21:07:09] [DataServer] ItemCount: 31
[21:07:09] [SUCCESS] - JOIN SERVER CONNECT MSSQL SUCCESS
[21:07:09] [SUCCESS] - EXDATASERVER CONNECT MSSQL SUCCESS
[21:07:09] [MuOnlineDB] GuildData Loaded in 15 msec
[21:07:09] [SUCCESS] - FRIEND DB CONNECT MSSQL SUCCESS
[21:07:09] [Gens System] Initializing Gens...
[21:07:09] [ GensRanking ] - ..\\IGCData\\Gens\\IGC_GensRanking.dat file is Loaded
[21:07:09] [Gens System] Current Month: 10
[21:07:09] [Gens System] Ranking Making [START]
[21:07:09] [Gens System] (D:0.000000) VS (V:0.000000)
[21:07:09] [Gens System] Ranking Making [END]
[21:07:09] Current Global Connections Limit (HWiD) per ServerGroup: 3
[21:07:09] [IOCP] Using normal functionality
[21:07:09] [IOCP] ST_JOINSERVER Start! PORT [ 56970 ]
[21:07:09] [WARNING]: IOCP Thread Handles set to 16
[21:07:09] [IOCP] ST_DATASERVER Start! PORT [ 56960 ]
[21:07:09] [WARNING]: IOCP Thread Handles set to 16
[21:07:10] [IOCP] ST_EXDATASERVER Start! PORT [ 56906 ]
[21:07:10] [WARNING]: IOCP Thread Handles set to 16
