[20:28:59] Initializing...
[20:28:59] DataServer(e) version: 6.0.0.0 Compiled at: Oct 23 2017 01:51:42
[20:28:59] ./IGC_AllowedIPList.xml File Loaded successfuly
[20:28:59] IP Address 127.0.0.1 valid, no resolving required
[20:28:59] [SUCCESS] - DATA SERVER CONNECT MSSQL SUCCESS (COUNT: 23)
[20:28:59] [DataServer] ItemCount: 0
[20:28:59] [SUCCESS] - JOIN SERVER CONNECT MSSQL SUCCESS
[20:28:59] [SUCCESS] - EXDATASERVER CONNECT MSSQL SUCCESS
[20:28:59] [MuOnlineDB] GuildData Loaded in 32 msec
[20:29:00] [SUCCESS] - FRIEND DB CONNECT MSSQL SUCCESS
[20:29:00] [Gens System] Initializing Gens...
[20:29:00] [ GensRanking ] - ..\\IGCData\\Gens\\IGC_GensRanking.dat file is Loaded
[20:29:00] [Gens System] Current Month: 10
[20:29:00] [Gens System] Ranking Making [START]
[20:29:00] [Gens System] (D:0.000000) VS (V:0.000000)
[20:29:00] [Gens System] Ranking Making [END]
[20:29:00] Current Global Connections Limit (HWiD) per ServerGroup: 3
[20:29:00] [IOCP] Using normal functionality
[20:29:00] [IOCP] ST_JOINSERVER Start! PORT [ 56970 ]
[20:29:00] [WARNING]: IOCP Thread Handles set to 16
[20:29:00] [IOCP] ST_DATASERVER Start! PORT [ 56960 ]
[20:29:00] [WARNING]: IOCP Thread Handles set to 16
[20:29:00] [IOCP] ST_EXDATASERVER Start! PORT [ 56906 ]
[20:29:00] [WARNING]: IOCP Thread Handles set to 16
