[21:21:51] Initializing...
[21:21:51] DataServer(e) version: 6.0.0.0 Compiled at: Oct 23 2017 01:51:42
[21:21:51] ./IGC_AllowedIPList.xml File Loaded successfuly
[21:21:51] IP Address 127.0.0.1 valid, no resolving required
[21:21:51] [SUCCESS] - DATA SERVER CONNECT MSSQL SUCCESS (COUNT: 23)
[21:21:51] [DataServer] ItemCount: 31
[21:21:51] [SUCCESS] - JOIN SERVER CONNECT MSSQL SUCCESS
[21:21:51] [SUCCESS] - EXDATASERVER CONNECT MSSQL SUCCESS
[21:21:51] [MuOnlineDB] GuildData Loaded in 15 msec
[21:21:51] [SUCCESS] - FRIEND DB CONNECT MSSQL SUCCESS
[21:21:51] [Gens System] Initializing Gens...
[21:21:51] [ GensRanking ] - ..\\IGCData\\Gens\\IGC_GensRanking.dat file is Loaded
[21:21:51] [Gens System] Current Month: 10
[21:21:51] [Gens System] Ranking Making [START]
[21:21:51] [Gens System] (D:0.000000) VS (V:0.000000)
[21:21:51] [Gens System] Ranking Making [END]
[21:21:51] Current Global Connections Limit (HWiD) per ServerGroup: 3
[21:21:51] [IOCP] Using normal functionality
[21:21:51] [IOCP] ST_JOINSERVER Start! PORT [ 56970 ]
[21:21:51] [WARNING]: IOCP Thread Handles set to 16
[21:21:51] [IOCP] ST_DATASERVER Start! PORT [ 56960 ]
[21:21:51] [WARNING]: IOCP Thread Handles set to 16
[21:21:51] [IOCP] ST_EXDATASERVER Start! PORT [ 56906 ]
[21:21:51] [WARNING]: IOCP Thread Handles set to 16
[21:21:55] [Server Engine] Connect : Index : 0 - IP : 192.168.1.68 - ServerType : 1
[21:21:55] [Server Engine] Connect : Index : 1 - IP : 192.168.1.68 - ServerType : 2
[21:21:55] [Server Engine] Connect : Index : 2 - IP : 192.168.1.68 - ServerType : 3
[21:21:55] [DataServer] GameServer(0)(1) connect
[21:21:55] [Join Server] GameServer connected MuBrothers PORT : 56900 CODE : 0 VIP : 0 HWIDCount : 3
[21:21:55] [ExDB] GameServer with ServerCode[0] connected.
[21:21:57] [Server Engine] Connect : Index : 3 - IP : 192.168.1.68 - ServerType : 1
[21:21:57] [Server Engine] Connect : Index : 4 - IP : 192.168.1.68 - ServerType : 2
[21:21:57] [Server Engine] Connect : Index : 5 - IP : 192.168.1.68 - ServerType : 3
[21:21:57] [ExDB] GameServer with ServerCode[14] connected.
[21:21:57] [DataServer] GameServer(14)(1) connect
[21:21:57] [Join Server] GameServer connected SiegeSrv PORT : 56914 CODE : 14 VIP : 0 HWIDCount : 3
[21:21:59] [Server Engine] Connect : Index : 6 - IP : 192.168.1.68 - ServerType : 1
[21:21:59] [Server Engine] Connect : Index : 7 - IP : 192.168.1.68 - ServerType : 2
[21:21:59] [Server Engine] Connect : Index : 8 - IP : 192.168.1.68 - ServerType : 3
[21:21:59] [DataServer] GameServer(0)(1) connect
[21:21:59] [MeMuOnlineDB] GameServer Regular+CS trying to connect with a ServerCode 0 already used
[21:21:59] [ExDB] GameServer with ServerCode[0] is already connected.
[21:30:47] [JoinServer] Add User (SonXeeZ) (ServerCode:0) (ServerGroup:1) (Index:12001) (IP:192.168.1.68) (HWID:5C52-59F4-89E2-9941-2BDB)
[21:30:48] [SonXeeZ] - characters: [Gyerteeek][][][][]
[21:30:48] [SonXeeZ] - Account Data: [SU:0][RF:0][Expanded WH:0]
[21:30:49] [Friend List Request] Name[Gyerteeek].
[21:30:49] [Friend List Send] Name[Gyerteeek].
[21:30:49] [Friend List Send] Friend Count[0].
[21:30:49] [Mail List Request] Name[Gyerteeek].
[21:30:49] [Mail List Send] Name: [Gyerteeek].
[21:30:49] [Mail List Send] Mail Count: 0.
[21:30:49] [Gens System] [Gyerteeek] Get Data from DB [I:0] [P:0] [C:0] [RANK:2]
[21:30:49] [Guild Member Info Request] Member [Gyerteeek].
[21:30:49] [Send Guild Member Info] No info returned from DB.
[21:31:27] [JoinServer] Delete User (SonXeeZ)
[21:32:39] [JoinServer] Add User (SonXeeZ) (ServerCode:0) (ServerGroup:1) (Index:12002) (IP:192.168.1.68) (HWID:5C52-59F4-89E2-9941-2BDB)
[21:32:39] [SonXeeZ] - characters: [Gyerteeek][][][][]
[21:32:39] [SonXeeZ] - Account Data: [SU:0][RF:0][Expanded WH:0]
[21:32:41] [Friend List Request] Name[Gyerteeek].
[21:32:41] [Friend List Send] Name[Gyerteeek].
[21:32:41] [Friend List Send] Friend Count[0].
[21:32:41] [Mail List Request] Name[Gyerteeek].
[21:32:41] [Mail List Send] Name: [Gyerteeek].
[21:32:41] [Mail List Send] Mail Count: 0.
[21:32:41] [Gens System] [Gyerteeek] Get Data from DB [I:0] [P:0] [C:0] [RANK:2]
[21:32:41] [Guild Member Info Request] Member [Gyerteeek].
[21:32:41] [Send Guild Member Info] No info returned from DB.
[21:33:12] [JoinServer] Delete User (SonXeeZ)
[21:36:39] [JoinServer] Add User (SonXeeZ) (ServerCode:0) (ServerGroup:1) (Index:12003) (IP:192.168.1.68) (HWID:5C52-59F4-89E2-9941-2BDB)
[21:36:39] [SonXeeZ] - characters: [Gyerteeek][][][][]
[21:36:39] [SonXeeZ] - Account Data: [SU:0][RF:0][Expanded WH:0]
[21:36:41] [Friend List Request] Name[Gyerteeek].
[21:36:41] [Friend List Send] Name[Gyerteeek].
[21:36:41] [Friend List Send] Friend Count[0].
[21:36:41] [Mail List Request] Name[Gyerteeek].
[21:36:41] [Mail List Send] Name: [Gyerteeek].
[21:36:41] [Mail List Send] Mail Count: 0.
[21:36:41] [Gens System] [Gyerteeek] Get Data from DB [I:0] [P:0] [C:0] [RANK:2]
[21:36:41] [Guild Member Info Request] Member [Gyerteeek].
[21:36:41] [Send Guild Member Info] No info returned from DB.
[21:37:04] [JoinServer] Delete User (SonXeeZ)
[21:37:35] [JoinServer] Add User (SonXeeZ) (ServerCode:0) (ServerGroup:1) (Index:12004) (IP:192.168.1.68) (HWID:5C52-59F4-89E2-9941-2BDB)
[21:37:35] [SonXeeZ] - characters: [Gyerteeek][][][][]
[21:37:35] [SonXeeZ] - Account Data: [SU:0][RF:0][Expanded WH:0]
[21:37:39] [Friend List Request] Name[Gyerteeek].
[21:37:39] [Friend List Send] Name[Gyerteeek].
[21:37:39] [Friend List Send] Friend Count[0].
[21:37:39] [Mail List Request] Name[Gyerteeek].
[21:37:39] [Mail List Send] Name: [Gyerteeek].
[21:37:39] [Mail List Send] Mail Count: 0.
[21:37:39] [Gens System] [Gyerteeek] Get Data from DB [I:0] [P:0] [C:0] [RANK:2]
[21:37:39] [Guild Member Info Request] Member [Gyerteeek].
[21:37:39] [Send Guild Member Info] No info returned from DB.
[21:38:19] [JoinServer] Delete User (SonXeeZ)
