[21:19:51] Initializing...
[21:19:51] DataServer(e) version: 6.0.0.0 Compiled at: Oct 23 2017 01:51:42
[21:19:51] ./IGC_AllowedIPList.xml File Loaded successfuly
[21:19:51] IP Address 127.0.0.1 valid, no resolving required
[21:19:51] [SUCCESS] - DATA SERVER CONNECT MSSQL SUCCESS (COUNT: 23)
[21:19:51] [DataServer] ItemCount: 31
[21:19:51] [SUCCESS] - JOIN SERVER CONNECT MSSQL SUCCESS
[21:19:51] [SUCCESS] - EXDATASERVER CONNECT MSSQL SUCCESS
[21:19:51] [MuOnlineDB] GuildData Loaded in 15 msec
[21:19:51] [SUCCESS] - FRIEND DB CONNECT MSSQL SUCCESS
[21:19:51] [Gens System] Initializing Gens...
[21:19:51] [ GensRanking ] - ..\\IGCData\\Gens\\IGC_GensRanking.dat file is Loaded
[21:19:51] [Gens System] Current Month: 10
[21:19:51] [Gens System] Ranking Making [START]
[21:19:51] [Gens System] (D:0.000000) VS (V:0.000000)
[21:19:51] [Gens System] Ranking Making [END]
[21:19:51] Current Global Connections Limit (HWiD) per ServerGroup: 3
[21:19:51] [IOCP] Using normal functionality
[21:19:51] [IOCP] ST_JOINSERVER Start! PORT [ 56970 ]
[21:19:51] [WARNING]: IOCP Thread Handles set to 16
[21:19:51] [IOCP] ST_DATASERVER Start! PORT [ 56960 ]
[21:19:51] [WARNING]: IOCP Thread Handles set to 16
[21:19:52] [IOCP] ST_EXDATASERVER Start! PORT [ 56906 ]
[21:19:52] [WARNING]: IOCP Thread Handles set to 16
[21:20:33] [Server Engine] Connect : Index : 0 - IP : 192.168.1.68 - ServerType : 1
[21:20:33] [Server Engine] Connect : Index : 1 - IP : 192.168.1.68 - ServerType : 2
[21:20:33] [Server Engine] Connect : Index : 2 - IP : 192.168.1.68 - ServerType : 3
[21:20:33] [DataServer] GameServer(0)(1) connect
[21:20:33] [Join Server] GameServer connected MuBrothers PORT : 56900 CODE : 0 VIP : 0 HWIDCount : 3
[21:20:33] [ExDB] GameServer with ServerCode[0] connected.
