[20:29:34] Initializing...
[20:29:34] DataServer(e) version: 6.0.0.0 Compiled at: Oct 23 2017 01:51:42
[20:29:34] ./IGC_AllowedIPList.xml File Loaded successfuly
[20:29:34] IP Address 127.0.0.1 valid, no resolving required
[20:29:35] [SUCCESS] - DATA SERVER CONNECT MSSQL SUCCESS (COUNT: 23)
[20:29:35] [DataServer] ItemCount: 0
[20:29:35] [SUCCESS] - JOIN SERVER CONNECT MSSQL SUCCESS
[20:29:35] [SUCCESS] - EXDATASERVER CONNECT MSSQL SUCCESS
[20:29:35] [MuOnlineDB] GuildData Loaded in 16 msec
[20:29:35] [SUCCESS] - FRIEND DB CONNECT MSSQL SUCCESS
[20:29:35] [Gens System] Initializing Gens...
[20:29:35] [ GensRanking ] - ..\\IGCData\\Gens\\IGC_GensRanking.dat file is Loaded
[20:29:35] [Gens System] Current Month: 10
[20:29:35] [Gens System] Ranking Making [START]
[20:29:35] [Gens System] (D:0.000000) VS (V:0.000000)
[20:29:35] [Gens System] Ranking Making [END]
[20:29:35] Current Global Connections Limit (HWiD) per ServerGroup: 3
[20:29:35] [IOCP] Using normal functionality
[20:29:35] [IOCP] ST_JOINSERVER Start! PORT [ 56970 ]
[20:29:35] [WARNING]: IOCP Thread Handles set to 16
[20:29:35] [IOCP] ST_DATASERVER Start! PORT [ 56960 ]
[20:29:35] [WARNING]: IOCP Thread Handles set to 16
[20:29:35] [IOCP] ST_EXDATASERVER Start! PORT [ 56906 ]
[20:29:35] [WARNING]: IOCP Thread Handles set to 16
[20:29:38] [Server Engine] Connect : Index : 0 - IP : 127.0.0.1 - ServerType : 1
[20:29:38] [Server Engine] Connect : Index : 1 - IP : 127.0.0.1 - ServerType : 2
[20:29:38] [Server Engine] Connect : Index : 2 - IP : 127.0.0.1 - ServerType : 3
[20:29:38] [Join Server] GameServer connected MuBrothers PORT : 56900 CODE : 0 VIP : 0 HWIDCount : 3
[20:29:38] [ExDB] GameServer with ServerCode[0] connected.
[20:29:38] [DataServer] GameServer(0)(1) connect
